<?xml version="1.0" encoding="UTF-8"?>
<!-- Generated by org.testng.reporters.JUnitReportReporter -->
<testsuite hostname="Sanjays-Mac-mini.local" failures="0" tests="1" name="testScenarios.MouseHover" time="2.668" errors="0" timestamp="23 Mar 2024 14:12:42 GMT" skipped="0">
  <testcase classname="testScenarios.MouseHover" name="draganddrop" time="2.668"/>
</testsuite> <!-- testScenarios.MouseHover -->
