<?xml version="1.0" encoding="UTF-8"?>
<!-- Generated by org.testng.reporters.JUnitReportReporter -->
<testsuite hostname="Sanjays-Mac-mini.local" failures="0" tests="1" name="Pratice.actionsMousenKeyboard" time="5.329" errors="0" timestamp="24 Mar 2024 18:40:33 GMT" skipped="0">
  <testcase classname="Pratice.actionsMousenKeyboard" name="ecommerce" time="5.329"/>
</testsuite> <!-- Pratice.actionsMousenKeyboard -->
