<?xml version="1.0" encoding="UTF-8"?>
<!-- Generated by org.testng.reporters.JUnitReportReporter -->
<testsuite hostname="Sanjays-Mac-mini.local" failures="0" tests="1" name="Pratice.textBox" time="9.974" errors="0" timestamp="23 Mar 2024 14:12:42 GMT" skipped="0">
  <testcase classname="Pratice.textBox" name="dropdown" time="9.974"/>
</testsuite> <!-- Pratice.textBox -->
