<?xml version="1.0" encoding="UTF-8"?>
<!-- Generated by org.testng.reporters.JUnitReportReporter -->
<testsuite hostname="Sanjays-Mac-mini.local" failures="0" tests="1" name="Pratice.dropDowns" time="10.777" errors="0" timestamp="22 Mar 2024 03:59:01 GMT" skipped="0">
  <testcase classname="Pratice.dropDowns" name="dropdown" time="10.777"/>
</testsuite> <!-- Pratice.dropDowns -->
