<?xml version="1.0" encoding="UTF-8"?>
<!-- Generated by org.testng.reporters.JUnitReportReporter -->
<testsuite hostname="Sanjays-Mac-mini.local" failures="0" tests="1" name="testScenarios.SwitchingWindows" time="52.871" errors="0" timestamp="20 Mar 2024 22:31:48 GMT" skipped="0">
  <testcase classname="testScenarios.SwitchingWindows" name="switchWin" time="52.871"/>
</testsuite> <!-- testScenarios.SwitchingWindows -->
