<?xml version="1.0" encoding="UTF-8"?>
<!-- Generated by org.testng.reporters.JUnitReportReporter -->
<testsuite hostname="Sanjays-Mac-mini.local" failures="0" tests="1" name="ParaMtr.loginGmail" time="0.001" errors="0" timestamp="20 Mar 2024 20:29:28 GMT" skipped="0">
  <testcase classname="ParaMtr.loginGmail" name="loginG" time="0.001"/>
</testsuite> <!-- ParaMtr.loginGmail -->
