<?xml version="1.0" encoding="UTF-8"?>
<!-- Generated by org.testng.reporters.JUnitReportReporter -->
<testsuite hostname="Sanjays-Mac-mini.local" failures="0" tests="1" name="Pratice.dropDown" time="5.306" errors="0" timestamp="23 Mar 2024 18:01:29 GMT" skipped="0">
  <testcase classname="Pratice.dropDown" name="multipleOptions" time="5.306"/>
</testsuite> <!-- Pratice.dropDown -->
