<?xml version="1.0" encoding="UTF-8"?>
<!-- Generated by org.testng.reporters.JUnitReportReporter -->
<testsuite hostname="Sanjays-Mac-mini.local" failures="0" tests="12" name="testScenarios.PracticePage" time="22.833" errors="0" timestamp="20 Mar 2024 22:31:48 GMT" skipped="0">
  <testcase classname="testScenarios.PracticePage" name="SwitchWindow" time="6.692"/>
  <testcase classname="testScenarios.PracticePage" name="CheckBox" time="4.150"/>
  <testcase classname="testScenarios.PracticePage" name="RadioButton" time="2.007"/>
  <testcase classname="testScenarios.PracticePage" name="DropDown" time="0.617"/>
  <testcase classname="testScenarios.PracticePage" name="MultipleSelect" time="0.707"/>
  <testcase classname="testScenarios.PracticePage" name="EnableDisable" time="0.940"/>
  <testcase classname="testScenarios.PracticePage" name="switchalrt" time="4.475"/>
  <testcase classname="testScenarios.PracticePage" name="mouseHover" time="1.677"/>
  <testcase classname="testScenarios.PracticePage" name="writeWT" time="0.943"/>
  <testcase classname="testScenarios.PracticePage" name="ReadWT" time="0.000"/>
  <testcase classname="testScenarios.PracticePage" name="Webtabledata" time="0.624"/>
  <testcase classname="testScenarios.PracticePage" name="compareData" time="0.001"/>
</testsuite> <!-- testScenarios.PracticePage -->
