<?xml version="1.0" encoding="UTF-8"?>
<!-- Generated by org.testng.reporters.JUnitReportReporter -->
<testsuite hostname="Sanjays-Mac-mini.local" failures="0" tests="3" name="PraticeAll.SelectDropdown" time="16.446" errors="0" timestamp="20 Mar 2024 20:30:06 GMT" skipped="2">
  <testcase classname="PraticeAll.SelectDropdown" name="autoSuggestibeDd" time="16.446"/>
  <testcase classname="PraticeAll.SelectDropdown" name="secdropDown">
    <skipped/>
  </testcase> <!-- secdropDown -->
  <testcase classname="PraticeAll.SelectDropdown" name="noSelectDropdown">
    <skipped/>
  </testcase> <!-- noSelectDropdown -->
</testsuite> <!-- PraticeAll.SelectDropdown -->
