<?xml version="1.0" encoding="UTF-8"?>
<!-- Generated by org.testng.reporters.JUnitReportReporter -->
<testsuite hostname="Sanjays-Mac-mini.local" failures="0" tests="1" name="Pratice.alert" time="5.888" errors="0" timestamp="23 Mar 2024 18:50:39 GMT" skipped="0">
  <testcase classname="Pratice.alert" name="alertTest" time="5.888"/>
</testsuite> <!-- Pratice.alert -->
