<?xml version="1.0" encoding="UTF-8"?>
<!-- Generated by org.testng.reporters.JUnitReportReporter -->
<testsuite hostname="Sanjays-Mac-mini.local" failures="0" tests="12" name="testScenarios.PracticePage" time="19.349" errors="0" timestamp="23 Mar 2024 14:12:42 GMT" skipped="0">
  <testcase classname="testScenarios.PracticePage" name="SwitchWindow" time="6.370"/>
  <testcase classname="testScenarios.PracticePage" name="CheckBox" time="1.984"/>
  <testcase classname="testScenarios.PracticePage" name="RadioButton" time="1.168"/>
  <testcase classname="testScenarios.PracticePage" name="DropDown" time="0.580"/>
  <testcase classname="testScenarios.PracticePage" name="MultipleSelect" time="0.696"/>
  <testcase classname="testScenarios.PracticePage" name="EnableDisable" time="1.313"/>
  <testcase classname="testScenarios.PracticePage" name="switchalrt" time="4.138"/>
  <testcase classname="testScenarios.PracticePage" name="mouseHover" time="1.581"/>
  <testcase classname="testScenarios.PracticePage" name="writeWT" time="0.694"/>
  <testcase classname="testScenarios.PracticePage" name="ReadWT" time="0.000"/>
  <testcase classname="testScenarios.PracticePage" name="Webtabledata" time="0.824"/>
  <testcase classname="testScenarios.PracticePage" name="compareData" time="0.001"/>
</testsuite> <!-- testScenarios.PracticePage -->
