<?xml version="1.0" encoding="UTF-8"?>
<!-- Generated by org.testng.reporters.JUnitReportReporter -->
<testsuite hostname="Sanjays-Mac-mini.local" failures="0" tests="2" name="Pratice.webTable" time="15.326" errors="0" timestamp="25 Mar 2024 12:14:10 GMT" skipped="0">
  <testcase classname="Pratice.webTable" name="dynamicData" time="3.913"/>
  <testcase classname="Pratice.webTable" name="readWebtable" time="11.413"/>
</testsuite> <!-- Pratice.webTable -->
