<?xml version="1.0" encoding="UTF-8"?>
<!-- Generated by org.testng.reporters.JUnitReportReporter -->
<testsuite hostname="Sanjays-Mac-mini.local" failures="0" tests="1" name="ParaMtr.loginOutlook" time="0.006" errors="0" timestamp="20 Mar 2024 20:29:28 GMT" skipped="0">
  <testcase classname="ParaMtr.loginOutlook" name="loginO" time="0.006"/>
</testsuite> <!-- ParaMtr.loginOutlook -->
