<?xml version="1.0" encoding="UTF-8"?>
<!-- Generated by org.testng.reporters.JUnitReportReporter -->
<testsuite hostname="Sanjays-Mac-mini.local" failures="0" tests="2" name="Pratice.javaStream" time="0.007" errors="0" timestamp="25 Mar 2024 14:24:57 GMT" skipped="0">
  <testcase classname="Pratice.javaStream" name="jStream" time="0.005"/>
  <testcase classname="Pratice.javaStream" name="usingStreamList" time="0.002"/>
</testsuite> <!-- Pratice.javaStream -->
